/jet/home/tan1/.conda/envs/stat214/lib/python3.14/site-packages/lightning/fabric/plugins/environments/slurm.py:204: The `srun` command is available on your system but is not used. HINT: If your intention is to run Lightning on SLURM, prepend your python command with `srun` like so: srun python run_autoencoder.py configs/finetune.yaml ...
GPU available: True (cuda), used: True
TPU available: False, using: 0 TPU cores
💡 Tip: For seamless cloud logging and experiment tracking, try installing [litlogger](https://pypi.org/project/litlogger/) to enable LitLogger, which logs metrics and artifacts automatically to the Lightning Experiments platform.
You are using a CUDA device ('NVIDIA H100 80GB HBM3') that has Tensor Cores. To properly utilize them, you should set `torch.set_float32_matmul_precision('medium' | 'high')` which will trade-off precision for performance. For more details, read https://pytorch.org/docs/stable/generated/torch.set_float32_matmul_precision.html#torch.set_float32_matmul_precision
/jet/home/tan1/.conda/envs/stat214/lib/python3.14/site-packages/lightning/pytorch/callbacks/model_checkpoint.py:881: Checkpoint directory /jet/home/tan1/lab2-repo/code/checkpoints_finetune exists and is not empty.
LOCAL_RANK: 0 - CUDA_VISIBLE_DEVICES: [0]

  | Name        | Type       | Params | Mode  | FLOPs
-----------------------------------------------------------
0 | encoder_cnn | Sequential | 5.9 K  | train | 0    
1 | encoder_fc  | Sequential | 51.8 K | train | 0    
2 | decoder_fc  | Sequential | 52.6 K | train | 0    
3 | unflatten   | Unflatten  | 0      | train | 0    
4 | decoder_cnn | Sequential | 5.8 K  | train | 0    
-----------------------------------------------------------
116 K     Trainable params
0         Non-trainable params
116 K     Total params
0.464     Total estimated model params size (MB)
23        Modules in train mode
0         Modules in eval mode
0         Total Flops
/jet/home/tan1/.conda/envs/stat214/lib/python3.14/site-packages/lightning/pytorch/utilities/_pytree.py:21: `isinstance(treespec, LeafSpec)` is deprecated, use `isinstance(treespec, TreeSpec) and treespec.is_leaf()` instead.
/jet/home/tan1/.conda/envs/stat214/lib/python3.14/site-packages/lightning/pytorch/trainer/connectors/data_connector.py:434: The 'val_dataloader' does not have many workers which may be a bottleneck. Consider increasing the value of the `num_workers` argument` to `num_workers=7` in the `DataLoader` to improve performance.
/jet/home/tan1/.conda/envs/stat214/lib/python3.14/site-packages/lightning/pytorch/trainer/connectors/data_connector.py:434: The 'train_dataloader' does not have many workers which may be a bottleneck. Consider increasing the value of the `num_workers` argument` to `num_workers=7` in the `DataLoader` to improve performance.
`Trainer.fit` stopped: `max_epochs=10` reached.
